Determining if the pthread_create exist failed with the following output:
Change Dir: /home/robot/workspaces/dagger/build/CMakeFiles/CMakeTmp

Run Build Command:"/usr/bin/make" "cmTC_1cc74/fast"
/usr/bin/make -f CMakeFiles/cmTC_1cc74.dir/build.make CMakeFiles/cmTC_1cc74.dir/build
make[1]: Entering directory '/home/robot/workspaces/dagger/build/CMakeFiles/CMakeTmp'
Building C object CMakeFiles/cmTC_1cc74.dir/CheckSymbolExists.c.o
/usr/bin/cc     -o CMakeFiles/cmTC_1cc74.dir/CheckSymbolExists.c.o   -c /home/robot/workspaces/dagger/build/CMakeFiles/CMakeTmp/CheckSymbolExists.c
Linking C executable cmTC_1cc74
/usr/bin/cmake -E cmake_link_script CMakeFiles/cmTC_1cc74.dir/link.txt --verbose=1
/usr/bin/cc       CMakeFiles/cmTC_1cc74.dir/CheckSymbolExists.c.o  -o cmTC_1cc74 -rdynamic 
CMakeFiles/cmTC_1cc74.dir/CheckSymbolExists.c.o: In function `main':
CheckSymbolExists.c:(.text+0x16): undefined reference to `pthread_create'
collect2: error: ld returned 1 exit status
CMakeFiles/cmTC_1cc74.dir/build.make:97: recipe for target 'cmTC_1cc74' failed
make[1]: *** [cmTC_1cc74] Error 1
make[1]: Leaving directory '/home/robot/workspaces/dagger/build/CMakeFiles/CMakeTmp'
Makefile:126: recipe for target 'cmTC_1cc74/fast' failed
make: *** [cmTC_1cc74/fast] Error 2

File /home/robot/workspaces/dagger/build/CMakeFiles/CMakeTmp/CheckSymbolExists.c:
/* */
#include <pthread.h>

int main(int argc, char** argv)
{
  (void)argv;
#ifndef pthread_create
  return ((int*)(&pthread_create))[argc];
#else
  (void)argc;
  return 0;
#endif
}

Determining if the function pthread_create exists in the pthreads failed with the following output:
Change Dir: /home/robot/workspaces/dagger/build/CMakeFiles/CMakeTmp

Run Build Command:"/usr/bin/make" "cmTC_2a35f/fast"
/usr/bin/make -f CMakeFiles/cmTC_2a35f.dir/build.make CMakeFiles/cmTC_2a35f.dir/build
make[1]: Entering directory '/home/robot/workspaces/dagger/build/CMakeFiles/CMakeTmp'
Building C object CMakeFiles/cmTC_2a35f.dir/CheckFunctionExists.c.o
/usr/bin/cc    -DCHECK_FUNCTION_EXISTS=pthread_create   -o CMakeFiles/cmTC_2a35f.dir/CheckFunctionExists.c.o   -c /usr/share/cmake-3.5/Modules/CheckFunctionExists.c
Linking C executable cmTC_2a35f
/usr/bin/cmake -E cmake_link_script CMakeFiles/cmTC_2a35f.dir/link.txt --verbose=1
/usr/bin/cc   -DCHECK_FUNCTION_EXISTS=pthread_create    CMakeFiles/cmTC_2a35f.dir/CheckFunctionExists.c.o  -o cmTC_2a35f -rdynamic -lpthreads 
/usr/bin/ld: cannot find -lpthreads
collect2: error: ld returned 1 exit status
CMakeFiles/cmTC_2a35f.dir/build.make:97: recipe for target 'cmTC_2a35f' failed
make[1]: *** [cmTC_2a35f] Error 1
make[1]: Leaving directory '/home/robot/workspaces/dagger/build/CMakeFiles/CMakeTmp'
Makefile:126: recipe for target 'cmTC_2a35f/fast' failed
make: *** [cmTC_2a35f/fast] Error 2


